<?xml version="1.0" encoding="UTF-8"?>
<!-- Generated by org.testng.reporters.JUnitXMLReporter -->
<testsuite hostname="Saif" name="Test" tests="5" failures="1" timestamp="9 Sep 2018 00:43:23 GMT" time="0.177" errors="0">
  <testcase name="Test_01" time="0.005" classname="buildTest.TestBase"/>
  <testcase name="Test_02" time="0.0" classname="buildTest.TestBase"/>
  <testcase name="Test_03" time="0.0" classname="buildTest.TestBase"/>
  <testcase name="Test_04" time="0.001" classname="buildTest.TestBase"/>
  <testcase name="google" time="0.162" classname="buildTest.TestBase">
    <failure type="java.lang.IllegalStateException" message="The path to the driver executable must be set by the webdriver.gecko.driver system property; for more information, see https://github.com/mozilla/geckodriver. The latest version can be downloaded from https://github.com/mozilla/geckodriver/releases">
      <![CDATA[java.lang.IllegalStateException: The path to the driver executable must be set by the webdriver.gecko.driver system property; for more information, see https://github.com/mozilla/geckodriver. The latest version can be downloaded from https://github.com/mozilla/geckodriver/releases
	at com.google.common.base.Preconditions.checkState(Preconditions.java:847)
	at org.openqa.selenium.remote.service.DriverService.findExecutable(DriverService.java:124)
	at org.openqa.selenium.firefox.GeckoDriverService.access$100(GeckoDriverService.java:42)
	at org.openqa.selenium.firefox.GeckoDriverService$Builder.findDefaultExecutable(GeckoDriverService.java:143)
	at org.openqa.selenium.remote.service.DriverService$Builder.build(DriverService.java:335)
	at org.openqa.selenium.firefox.FirefoxDriver.toExecutor(FirefoxDriver.java:168)
	at org.openqa.selenium.firefox.FirefoxDriver.<init>(FirefoxDriver.java:125)
	at org.openqa.selenium.firefox.FirefoxDriver.<init>(FirefoxDriver.java:103)
	at buildTest.TestBase.google(TestBase.java:52)
... Removed 23 stack frames]]>
    </failure>
  </testcase> <!-- google -->
</testsuite> <!-- Test -->
